Using launch settings from src\Services\Audit\FuelManagement.Audit.API\Properties\launchSettings.json...
Building...
info: Microsoft.EntityFrameworkCore.Migrations[20406]
      No migrations were found in assembly 'FuelManagement.Audit.API'. A migration needs to be added before the database can be updated.
info: Microsoft.EntityFrameworkCore.Database.Command[20101]
      Executed DbCommand (26ms) [Parameters=[], CommandType='Text', CommandTimeout='0']
      SELECT 1
info: Microsoft.EntityFrameworkCore.Migrations[20411]
      Acquiring an exclusive lock for migration application. See https://aka.ms/efcore-docs-migrations-lock for more information if this takes too long.
info: Microsoft.EntityFrameworkCore.Database.Command[20101]
      Executed DbCommand (109ms) [Parameters=[], CommandType='Text', CommandTimeout='0']
      DECLARE @result int;
      EXEC @result = sp_getapplock @Resource = '__EFMigrationsLock', @LockOwner = 'Session', @LockMode = 'Exclusive';
      SELECT @result
info: Microsoft.EntityFrameworkCore.Database.Command[20101]
      Executed DbCommand (21ms) [Parameters=[], CommandType='Text', CommandTimeout='0']
      IF OBJECT_ID(N'[__EFMigrationsHistory]') IS NULL
      BEGIN
          CREATE TABLE [__EFMigrationsHistory] (
              [MigrationId] nvarchar(150) NOT NULL,
              [ProductVersion] nvarchar(32) NOT NULL,
              CONSTRAINT [PK___EFMigrationsHistory] PRIMARY KEY ([MigrationId])
          );
      END;
info: Microsoft.EntityFrameworkCore.Database.Command[20101]
      Executed DbCommand (1ms) [Parameters=[], CommandType='Text', CommandTimeout='0']
      SELECT 1
info: Microsoft.EntityFrameworkCore.Database.Command[20101]
      Executed DbCommand (2ms) [Parameters=[], CommandType='Text', CommandTimeout='0']
      SELECT OBJECT_ID(N'[__EFMigrationsHistory]');
info: Microsoft.EntityFrameworkCore.Database.Command[20101]
      Executed DbCommand (4ms) [Parameters=[], CommandType='Text', CommandTimeout='0']
      SELECT [MigrationId], [ProductVersion]
      FROM [__EFMigrationsHistory]
      ORDER BY [MigrationId];
info: Microsoft.EntityFrameworkCore.Migrations[20405]
      No migrations were applied. The database is already up to date.
info: Microsoft.EntityFrameworkCore.Database.Command[20101]
      Executed DbCommand (5ms) [Parameters=[], CommandType='Text', CommandTimeout='0']
      DECLARE @result int;
      EXEC @result = sp_releaseapplock @Resource = '__EFMigrationsLock', @LockOwner = 'Session';
      SELECT @result
info: Microsoft.EntityFrameworkCore.Database.Command[20101]
      Executed DbCommand (76ms) [Parameters=[], CommandType='Text', CommandTimeout='0']
      
IF OBJECT_ID(N'[dbo].[AuditLogs]', N'U') IS NULL
BEGIN
    CREATE TABLE [dbo].[AuditLogs] (
        [Id] uniqueidentifier NOT NULL,
        [EventType] nvarchar(50) NOT NULL,
        [EntityType] nvarchar(100) NOT NULL,
        [EntityId] nvarchar(450) NOT NULL,
        [UserId] nvarchar(450) NULL,
        [OldValues] nvarchar(max) NULL,
        [NewValues] nvarchar(max) NULL,
        [ServiceName] nvarchar(100) NOT NULL,
        [IpAddress] nvarchar(max) NULL,
        [Timestamp] datetime2 NOT NULL,
        CONSTRAINT [PK_AuditLogs] PRIMARY KEY ([Id])
    );

    CREATE INDEX [IX_AuditLogs_EntityType_EntityId] ON [dbo].[AuditLogs]([EntityType], [EntityId]);
    CREATE INDEX [IX_AuditLogs_UserId] ON [dbo].[AuditLogs]([UserId]);
    CREATE INDEX [IX_AuditLogs_Timestamp] ON [dbo].[AuditLogs]([Timestamp]);
END
info: FuelManagement.Audit.API.AuditBackgroundService[0]
      Audit Background Service is starting.
info: Microsoft.Hosting.Lifetime[14]
      Now listening on: http://localhost:5008
info: Microsoft.Hosting.Lifetime[0]
      Application started. Press Ctrl+C to shut down.
info: Microsoft.Hosting.Lifetime[0]
      Hosting environment: Development
info: Microsoft.Hosting.Lifetime[0]
      Content root path: C:\Users\Arjun\Desktop\sprintproj\src\Services\Audit\FuelManagement.Audit.API
info: FuelManagement.Common.Messaging.RabbitMqService[0]
      Subscribed to queue audit-log
warn: Microsoft.AspNetCore.Server.Kestrel[22]
      As of "04/02/2026 07:06:26 +00:00", the heartbeat has been running for "00:00:01.1754878" which is longer than "00:00:01". This could be caused by thread pool starvation.
warn: Microsoft.AspNetCore.Server.Kestrel[22]
      As of "04/02/2026 07:09:20 +00:00", the heartbeat has been running for "00:00:01.1326959" which is longer than "00:00:01". This could be caused by thread pool starvation.
warn: Microsoft.AspNetCore.Server.Kestrel[22]
      As of "04/02/2026 07:09:52 +00:00", the heartbeat has been running for "00:00:01.5119192" which is longer than "00:00:01". This could be caused by thread pool starvation.
warn: Microsoft.AspNetCore.Server.Kestrel[22]
      As of "04/02/2026 09:52:06 +00:00", the heartbeat has been running for "00:00:01.9730835" which is longer than "00:00:01". This could be caused by thread pool starvation.
