- Building...

X [ERROR] NG5002: Incomplete block "fuelflow". If you meant to write the @ character, you should use the "&#64;" HTML entity instead. [plugin angular-compiler]

    src/app/shared/components/footer/footer.component.html:13:48:
      13 │         <a href="mailto:sales@fuelflow.me">sales@fuelflow.me</a>
         ╵                                                 ~~~~~~~~~

  Error occurs in the template of component FooterComponent.

    src/app/shared/components/footer/footer.component.ts:2:50:
      2 │ ...oter", templateUrl: "./footer.component.html", styleUrl: "./foot...
        ╵                        ~~~~~~~~~~~~~~~~~~~~~~~~~


- Changes detected. Rebuilding...

- Changes detected. Rebuilding...

- Changes detected. Rebuilding...

- Changes detected. Rebuilding...

- Changes detected. Rebuilding...

- Changes detected. Rebuilding...

- Changes detected. Rebuilding...

- Changes detected. Rebuilding...

- Changes detected. Rebuilding...

- Changes detected. Rebuilding...

- Changes detected. Rebuilding...

- Changes detected. Rebuilding...

- Changes detected. Rebuilding...

- Changes detected. Rebuilding...

- Changes detected. Rebuilding...

- Changes detected. Rebuilding...

- Changes detected. Rebuilding...

- Changes detected. Rebuilding...

- Changes detected. Rebuilding...

- Changes detected. Rebuilding...

- Changes detected. Rebuilding...

- Changes detected. Rebuilding...

- Changes detected. Rebuilding...

- Changes detected. Rebuilding...

X [ERROR] NG8002: Can't bind to 'ngModel' since it isn't a known property of 'select'. [plugin angular-compiler]

    src/app/customer/pages/orders/orders.component.html:18:13:
      18 │           <select [(ngModel)]="newOrder.station">
         ╵                   ~~~~~~~~~~~~~~~~~~~~~~~~~~~~~~

  Error occurs in the template of component OrdersComponent.

    src/app/customer/pages/orders/orders.component.ts:34:15:
      34 │   templateUrl: './orders.component.html',
         ╵                ~~~~~~~~~~~~~~~~~~~~~~~~~


X [ERROR] NG8002: Can't bind to 'ngModel' since it isn't a known property of 'select'. [plugin angular-compiler]

    src/app/customer/pages/orders/orders.component.html:26:13:
      26 │           <select [(ngModel)]="newOrder.fuelType">
         ╵                   ~~~~~~~~~~~~~~~~~~~~~~~~~~~~~~~

  Error occurs in the template of component OrdersComponent.

    src/app/customer/pages/orders/orders.component.ts:34:15:
      34 │   templateUrl: './orders.component.html',
         ╵                ~~~~~~~~~~~~~~~~~~~~~~~~~


X [ERROR] NG8002: Can't bind to 'ngModel' since it isn't a known property of 'input'. [plugin angular-compiler]

    src/app/customer/pages/orders/orders.component.html:35:46:
      35 │ ...pe="number" min="100" step="10" [(ngModel)]="newOrder.quantity" />
         ╵                                    ~~~~~~~~~~~~~~~~~~~~~~~~~~~~~~~

  Error occurs in the template of component OrdersComponent.

    src/app/customer/pages/orders/orders.component.ts:34:15:
      34 │   templateUrl: './orders.component.html',
         ╵                ~~~~~~~~~~~~~~~~~~~~~~~~~


X [ERROR] NG8002: Can't bind to 'ngModel' since it isn't a known property of 'input'. [plugin angular-compiler]

    src/app/customer/pages/orders/orders.component.html:42:24:
      42 │ ... type="text" [(ngModel)]="newOrder.deliveryWindow" placeholder=...
         ╵                 ~~~~~~~~~~~~~~~~~~~~~~~~~~~~~~~~~~~~~

  Error occurs in the template of component OrdersComponent.

    src/app/customer/pages/orders/orders.component.ts:34:15:
      34 │   templateUrl: './orders.component.html',
         ╵                ~~~~~~~~~~~~~~~~~~~~~~~~~


X [ERROR] NG8002: Can't bind to 'ngModel' since it isn't a known property of 'input'. [plugin angular-compiler]

    src/app/customer/pages/orders/orders.component.html:46:24:
      46 │ ...input type="text" [(ngModel)]="newOrder.notes" placeholder="Add...
         ╵                      ~~~~~~~~~~~~~~~~~~~~~~~~~~~~

  Error occurs in the template of component OrdersComponent.

    src/app/customer/pages/orders/orders.component.ts:34:15:
      34 │   templateUrl: './orders.component.html',
         ╵                ~~~~~~~~~~~~~~~~~~~~~~~~~


X [ERROR] NG2: Object is possibly 'undefined'. [plugin angular-compiler]

    src/app/customer/pages/orders/orders.component.html:75:29:
      75 │             <strong>{{ activeOrder.id }}</strong>
         ╵                                    ~~

  Error occurs in the template of component OrdersComponent.

    src/app/customer/pages/orders/orders.component.ts:34:15:
      34 │   templateUrl: './orders.component.html',
         ╵                ~~~~~~~~~~~~~~~~~~~~~~~~~


X [ERROR] NG2: Object is possibly 'undefined'. [plugin angular-compiler]

    src/app/customer/pages/orders/orders.component.html:76:27:
      76 │ ...       <span>{{ activeOrder.station }} · {{ activeOrder.fuelTy...
         ╵                                ~~~~~~~

  Error occurs in the template of component OrdersComponent.

    src/app/customer/pages/orders/orders.component.ts:34:15:
      34 │   templateUrl: './orders.component.html',
         ╵                ~~~~~~~~~~~~~~~~~~~~~~~~~


X [ERROR] NG2: Object is possibly 'undefined'. [plugin angular-compiler]

    src/app/customer/pages/orders/orders.component.html:76:55:
      76 │ ...pan>{{ activeOrder.station }} · {{ activeOrder.fuelType }}</span>
         ╵                                                  ~~~~~~~~

  Error occurs in the template of component OrdersComponent.

    src/app/customer/pages/orders/orders.component.ts:34:15:
      34 │   templateUrl: './orders.component.html',
         ╵                ~~~~~~~~~~~~~~~~~~~~~~~~~


X [ERROR] NG2: Object is possibly 'undefined'. [plugin angular-compiler]

    src/app/customer/pages/orders/orders.component.html:80:29:
      80 │             <strong>{{ activeOrder.eta }}</strong>
         ╵                                    ~~~

  Error occurs in the template of component OrdersComponent.

    src/app/customer/pages/orders/orders.component.ts:34:15:
      34 │   templateUrl: './orders.component.html',
         ╵                ~~~~~~~~~~~~~~~~~~~~~~~~~


X [ERROR] NG2: Object is possibly 'undefined'. [plugin angular-compiler]

    src/app/customer/pages/orders/orders.component.html:84:122:
      84 │ ... i = index" [class.complete]="i <= stepIndex(activeOrder.status)">
         ╵                                                             ~~~~~~

  Error occurs in the template of component OrdersComponent.

    src/app/customer/pages/orders/orders.component.ts:34:15:
      34 │   templateUrl: './orders.component.html',
         ╵                ~~~~~~~~~~~~~~~~~~~~~~~~~


X [ERROR] NG2: Object is possibly 'undefined'. [plugin angular-compiler]

    src/app/customer/pages/orders/orders.component.html:88:44:
      88 │ ... i === stepIndex(activeOrder.status) ? activeOrder.lastUpdate :...
         ╵                                 ~~~~~~

  Error occurs in the template of component OrdersComponent.

    src/app/customer/pages/orders/orders.component.ts:34:15:
      34 │   templateUrl: './orders.component.html',
         ╵                ~~~~~~~~~~~~~~~~~~~~~~~~~


X [ERROR] NG2: Object is possibly 'undefined'. [plugin angular-compiler]

    src/app/customer/pages/orders/orders.component.html:88:66:
      88 │ ...ctiveOrder.status) ? activeOrder.lastUpdate : 'In queue' }}</span>
         ╵                                     ~~~~~~~~~~

  Error occurs in the template of component OrdersComponent.

    src/app/customer/pages/orders/orders.component.ts:34:15:
      34 │   templateUrl: './orders.component.html',
         ╵                ~~~~~~~~~~~~~~~~~~~~~~~~~


X [ERROR] NG2: Object is possibly 'undefined'. [plugin angular-compiler]

    src/app/customer/pages/orders/orders.component.html:92:48:
      92 │         <p class="note">Last update: {{ activeOrder.lastUpdate }}</p>
         ╵                                                     ~~~~~~~~~~

  Error occurs in the template of component OrdersComponent.

    src/app/customer/pages/orders/orders.component.ts:34:15:
      34 │   templateUrl: './orders.component.html',
         ╵                ~~~~~~~~~~~~~~~~~~~~~~~~~


X [ERROR] NG8002: Can't bind to 'ngModel' since it isn't a known property of 'select'. [plugin angular-compiler]

    src/app/customer/pages/orders/orders.component.html:104:13:
      104 │           <select [(ngModel)]="updateForm.status">
          ╵                   ~~~~~~~~~~~~~~~~~~~~~~~~~~~~~~~

  Error occurs in the template of component OrdersComponent.

    src/app/customer/pages/orders/orders.component.ts:34:15:
      34 │   templateUrl: './orders.component.html',
         ╵                ~~~~~~~~~~~~~~~~~~~~~~~~~


X [ERROR] NG8002: Can't bind to 'ngModel' since it isn't a known property of 'input'. [plugin angular-compiler]

    src/app/customer/pages/orders/orders.component.html:113:46:
      113 │ ..."number" min="100" step="10" [(ngModel)]="updateForm.quantity" />
          ╵                                 ~~~~~~~~~~~~~~~~~~~~~~~~~~~~~~~~~

  Error occurs in the template of component OrdersComponent.

    src/app/customer/pages/orders/orders.component.ts:34:15:
      34 │   templateUrl: './orders.component.html',
         ╵                ~~~~~~~~~~~~~~~~~~~~~~~~~


X [ERROR] NG8002: Can't bind to 'ngModel' since it isn't a known property of 'input'. [plugin angular-compiler]

    src/app/customer/pages/orders/orders.component.html:117:24:
      117 │ ...    <input type="text" [(ngModel)]="updateForm.deliveryWindow" />
          ╵                           ~~~~~~~~~~~~~~~~~~~~~~~~~~~~~~~~~~~~~~~

  Error occurs in the template of component OrdersComponent.

    src/app/customer/pages/orders/orders.component.ts:34:15:
      34 │   templateUrl: './orders.component.html',
         ╵                ~~~~~~~~~~~~~~~~~~~~~~~~~


X [ERROR] NG8002: Can't bind to 'ngModel' since it isn't a known property of 'input'. [plugin angular-compiler]

    src/app/customer/pages/orders/orders.component.html:121:24:
      121 │ ...put type="text" [(ngModel)]="updateForm.notes" placeholder="Dr...
          ╵                    ~~~~~~~~~~~~~~~~~~~~~~~~~~~~~~

  Error occurs in the template of component OrdersComponent.

    src/app/customer/pages/orders/orders.component.ts:34:15:
      34 │   templateUrl: './orders.component.html',
         ╵                ~~~~~~~~~~~~~~~~~~~~~~~~~


- Changes detected. Rebuilding...

- Changes detected. Rebuilding...

- Changes detected. Rebuilding...

- Changes detected. Rebuilding...

- Changes detected. Rebuilding...

X [ERROR] NG8001: 'app-chat-panel' is not a known element:
1. If 'app-chat-panel' is an Angular component, then verify that it is part of this module.
2. If 'app-chat-panel' is a Web Component then add 'CUSTOM_ELEMENTS_SCHEMA' to the '@NgModule.schemas' of this component to suppress this message. [plugin angular-compiler]

    src/app/customer/pages/dashboard/dashboard.component.html:63:2:
      63 │     <app-chat-panel
         ╵     ~~~~~~~~~~~~~~~

  Error occurs in the template of component DashboardComponent.

    src/app/customer/pages/dashboard/dashboard.component.ts:12:15:
      12 │   templateUrl: './dashboard.component.html',
         ╵                ~~~~~~~~~~~~~~~~~~~~~~~~~~~~


X [ERROR] NG8002: Can't bind to 'suggestions' since it isn't a known property of 'app-chat-panel'.
1. If 'app-chat-panel' is an Angular component and it has 'suggestions' input, then verify that it is part of this module.
2. If 'app-chat-panel' is a Web Component then add 'CUSTOM_ELEMENTS_SCHEMA' to the '@NgModule.schemas' of this component to suppress this message.
3. To allow any property add 'NO_ERRORS_SCHEMA' to the '@NgModule.schemas' of this component. [plugin angular-compiler]

    src/app/customer/pages/dashboard/dashboard.component.html:68:3:
      68 │       [suggestions]="['Track my latest order', 'Update delivery wi...
         ╵       ~~~~~~~~~~~~~~~~~~~~~~~~~~~~~~~~~~~~~~~~~~~~~~~~~~~~~~~~~~~~

  Error occurs in the template of component DashboardComponent.

    src/app/customer/pages/dashboard/dashboard.component.ts:12:15:
      12 │   templateUrl: './dashboard.component.html',
         ╵                ~~~~~~~~~~~~~~~~~~~~~~~~~~~~


- Changes detected. Rebuilding...

X [ERROR] NG8001: 'app-chat-panel' is not a known element:
1. If 'app-chat-panel' is an Angular component, then verify that it is part of this module.
2. If 'app-chat-panel' is a Web Component then add 'CUSTOM_ELEMENTS_SCHEMA' to the '@NgModule.schemas' of this component to suppress this message. [plugin angular-compiler]

    src/app/customer/pages/dashboard/dashboard.component.html:63:2:
      63 │     <app-chat-panel
         ╵     ~~~~~~~~~~~~~~~

  Error occurs in the template of component DashboardComponent.

    src/app/customer/pages/dashboard/dashboard.component.ts:12:15:
      12 │   templateUrl: './dashboard.component.html',
         ╵                ~~~~~~~~~~~~~~~~~~~~~~~~~~~~


X [ERROR] NG8002: Can't bind to 'suggestions' since it isn't a known property of 'app-chat-panel'.
1. If 'app-chat-panel' is an Angular component and it has 'suggestions' input, then verify that it is part of this module.
2. If 'app-chat-panel' is a Web Component then add 'CUSTOM_ELEMENTS_SCHEMA' to the '@NgModule.schemas' of this component to suppress this message.
3. To allow any property add 'NO_ERRORS_SCHEMA' to the '@NgModule.schemas' of this component. [plugin angular-compiler]

    src/app/customer/pages/dashboard/dashboard.component.html:68:3:
      68 │       [suggestions]="['Track my latest order', 'Update delivery wi...
         ╵       ~~~~~~~~~~~~~~~~~~~~~~~~~~~~~~~~~~~~~~~~~~~~~~~~~~~~~~~~~~~~

  Error occurs in the template of component DashboardComponent.

    src/app/customer/pages/dashboard/dashboard.component.ts:12:15:
      12 │   templateUrl: './dashboard.component.html',
         ╵                ~~~~~~~~~~~~~~~~~~~~~~~~~~~~


- Changes detected. Rebuilding...

X [ERROR] NG8001: 'app-chat-panel' is not a known element:
1. If 'app-chat-panel' is an Angular component, then verify that it is part of this module.
2. If 'app-chat-panel' is a Web Component then add 'CUSTOM_ELEMENTS_SCHEMA' to the '@NgModule.schemas' of this component to suppress this message. [plugin angular-compiler]

    src/app/customer/pages/dashboard/dashboard.component.html:63:2:
      63 │     <app-chat-panel
         ╵     ~~~~~~~~~~~~~~~

  Error occurs in the template of component DashboardComponent.

    src/app/customer/pages/dashboard/dashboard.component.ts:12:15:
      12 │   templateUrl: './dashboard.component.html',
         ╵                ~~~~~~~~~~~~~~~~~~~~~~~~~~~~


X [ERROR] NG8002: Can't bind to 'suggestions' since it isn't a known property of 'app-chat-panel'.
1. If 'app-chat-panel' is an Angular component and it has 'suggestions' input, then verify that it is part of this module.
2. If 'app-chat-panel' is a Web Component then add 'CUSTOM_ELEMENTS_SCHEMA' to the '@NgModule.schemas' of this component to suppress this message.
3. To allow any property add 'NO_ERRORS_SCHEMA' to the '@NgModule.schemas' of this component. [plugin angular-compiler]

    src/app/customer/pages/dashboard/dashboard.component.html:68:3:
      68 │       [suggestions]="['Track my latest order', 'Update delivery wi...
         ╵       ~~~~~~~~~~~~~~~~~~~~~~~~~~~~~~~~~~~~~~~~~~~~~~~~~~~~~~~~~~~~

  Error occurs in the template of component DashboardComponent.

    src/app/customer/pages/dashboard/dashboard.component.ts:12:15:
      12 │   templateUrl: './dashboard.component.html',
         ╵                ~~~~~~~~~~~~~~~~~~~~~~~~~~~~


- Changes detected. Rebuilding...

X [ERROR] NG8001: 'app-chat-panel' is not a known element:
1. If 'app-chat-panel' is an Angular component, then verify that it is part of this module.
2. If 'app-chat-panel' is a Web Component then add 'CUSTOM_ELEMENTS_SCHEMA' to the '@NgModule.schemas' of this component to suppress this message. [plugin angular-compiler]

    src/app/customer/pages/dashboard/dashboard.component.html:63:2:
      63 │     <app-chat-panel
         ╵     ~~~~~~~~~~~~~~~

  Error occurs in the template of component DashboardComponent.

    src/app/customer/pages/dashboard/dashboard.component.ts:12:15:
      12 │   templateUrl: './dashboard.component.html',
         ╵                ~~~~~~~~~~~~~~~~~~~~~~~~~~~~


X [ERROR] NG8002: Can't bind to 'suggestions' since it isn't a known property of 'app-chat-panel'.
1. If 'app-chat-panel' is an Angular component and it has 'suggestions' input, then verify that it is part of this module.
2. If 'app-chat-panel' is a Web Component then add 'CUSTOM_ELEMENTS_SCHEMA' to the '@NgModule.schemas' of this component to suppress this message.
3. To allow any property add 'NO_ERRORS_SCHEMA' to the '@NgModule.schemas' of this component. [plugin angular-compiler]

    src/app/customer/pages/dashboard/dashboard.component.html:68:3:
      68 │       [suggestions]="['Track my latest order', 'Update delivery wi...
         ╵       ~~~~~~~~~~~~~~~~~~~~~~~~~~~~~~~~~~~~~~~~~~~~~~~~~~~~~~~~~~~~

  Error occurs in the template of component DashboardComponent.

    src/app/customer/pages/dashboard/dashboard.component.ts:12:15:
      12 │   templateUrl: './dashboard.component.html',
         ╵                ~~~~~~~~~~~~~~~~~~~~~~~~~~~~


X [ERROR] NG8001: 'app-chat-panel' is not a known element:
1. If 'app-chat-panel' is an Angular component, then verify that it is part of this module.
2. If 'app-chat-panel' is a Web Component then add 'CUSTOM_ELEMENTS_SCHEMA' to the '@NgModule.schemas' of this component to suppress this message. [plugin angular-compiler]

    src/app/dealer/pages/dashboard/dashboard.component.html:60:1:
      60 │   <app-chat-panel
         ╵   ~~~~~~~~~~~~~~~

  Error occurs in the template of component DashboardComponent.

    src/app/dealer/pages/dashboard/dashboard.component.ts:5:15:
      5 │   templateUrl: './dashboard.component.html',
        ╵                ~~~~~~~~~~~~~~~~~~~~~~~~~~~~


X [ERROR] NG8002: Can't bind to 'suggestions' since it isn't a known property of 'app-chat-panel'.
1. If 'app-chat-panel' is an Angular component and it has 'suggestions' input, then verify that it is part of this module.
2. If 'app-chat-panel' is a Web Component then add 'CUSTOM_ELEMENTS_SCHEMA' to the '@NgModule.schemas' of this component to suppress this message.
3. To allow any property add 'NO_ERRORS_SCHEMA' to the '@NgModule.schemas' of this component. [plugin angular-compiler]

    src/app/dealer/pages/dashboard/dashboard.component.html:65:2:
      65 │     [suggestions]="['Request emergency refill', 'Report pump outag...
         ╵     ~~~~~~~~~~~~~~~~~~~~~~~~~~~~~~~~~~~~~~~~~~~~~~~~~~~~~~~~~~~~~~

  Error occurs in the template of component DashboardComponent.

    src/app/dealer/pages/dashboard/dashboard.component.ts:5:15:
      5 │   templateUrl: './dashboard.component.html',
        ╵                ~~~~~~~~~~~~~~~~~~~~~~~~~~~~


- Changes detected. Rebuilding...

X [ERROR] NG8001: 'app-chat-panel' is not a known element:
1. If 'app-chat-panel' is an Angular component, then verify that it is part of this module.
2. If 'app-chat-panel' is a Web Component then add 'CUSTOM_ELEMENTS_SCHEMA' to the '@NgModule.schemas' of this component to suppress this message. [plugin angular-compiler]

    src/app/customer/pages/dashboard/dashboard.component.html:63:2:
      63 │     <app-chat-panel
         ╵     ~~~~~~~~~~~~~~~

  Error occurs in the template of component DashboardComponent.

    src/app/customer/pages/dashboard/dashboard.component.ts:12:15:
      12 │   templateUrl: './dashboard.component.html',
         ╵                ~~~~~~~~~~~~~~~~~~~~~~~~~~~~


X [ERROR] NG8002: Can't bind to 'suggestions' since it isn't a known property of 'app-chat-panel'.
1. If 'app-chat-panel' is an Angular component and it has 'suggestions' input, then verify that it is part of this module.
2. If 'app-chat-panel' is a Web Component then add 'CUSTOM_ELEMENTS_SCHEMA' to the '@NgModule.schemas' of this component to suppress this message.
3. To allow any property add 'NO_ERRORS_SCHEMA' to the '@NgModule.schemas' of this component. [plugin angular-compiler]

    src/app/customer/pages/dashboard/dashboard.component.html:68:3:
      68 │       [suggestions]="['Track my latest order', 'Update delivery wi...
         ╵       ~~~~~~~~~~~~~~~~~~~~~~~~~~~~~~~~~~~~~~~~~~~~~~~~~~~~~~~~~~~~

  Error occurs in the template of component DashboardComponent.

    src/app/customer/pages/dashboard/dashboard.component.ts:12:15:
      12 │   templateUrl: './dashboard.component.html',
         ╵                ~~~~~~~~~~~~~~~~~~~~~~~~~~~~


X [ERROR] NG8001: 'app-chat-panel' is not a known element:
1. If 'app-chat-panel' is an Angular component, then verify that it is part of this module.
2. If 'app-chat-panel' is a Web Component then add 'CUSTOM_ELEMENTS_SCHEMA' to the '@NgModule.schemas' of this component to suppress this message. [plugin angular-compiler]

    src/app/dealer/pages/dashboard/dashboard.component.html:60:1:
      60 │   <app-chat-panel
         ╵   ~~~~~~~~~~~~~~~

  Error occurs in the template of component DashboardComponent.

    src/app/dealer/pages/dashboard/dashboard.component.ts:5:15:
      5 │   templateUrl: './dashboard.component.html',
        ╵                ~~~~~~~~~~~~~~~~~~~~~~~~~~~~


X [ERROR] NG8002: Can't bind to 'suggestions' since it isn't a known property of 'app-chat-panel'.
1. If 'app-chat-panel' is an Angular component and it has 'suggestions' input, then verify that it is part of this module.
2. If 'app-chat-panel' is a Web Component then add 'CUSTOM_ELEMENTS_SCHEMA' to the '@NgModule.schemas' of this component to suppress this message.
3. To allow any property add 'NO_ERRORS_SCHEMA' to the '@NgModule.schemas' of this component. [plugin angular-compiler]

    src/app/dealer/pages/dashboard/dashboard.component.html:65:2:
      65 │     [suggestions]="['Request emergency refill', 'Report pump outag...
         ╵     ~~~~~~~~~~~~~~~~~~~~~~~~~~~~~~~~~~~~~~~~~~~~~~~~~~~~~~~~~~~~~~

  Error occurs in the template of component DashboardComponent.

    src/app/dealer/pages/dashboard/dashboard.component.ts:5:15:
      5 │   templateUrl: './dashboard.component.html',
        ╵                ~~~~~~~~~~~~~~~~~~~~~~~~~~~~


- Changes detected. Rebuilding...

X [ERROR] TS2339: Property 'aiAssistantApiKey' does not exist on type '{ production: boolean; apiBaseUrl: string; lockoutSeconds: number; }'. [plugin angular-compiler]

    src/app/core/services/ai-assistant.service.ts:24:31:
      24 │     const apiKey = environment.aiAssistantApiKey;
         ╵                                ~~~~~~~~~~~~~~~~~


X [ERROR] NG8001: 'app-chat-panel' is not a known element:
1. If 'app-chat-panel' is an Angular component, then verify that it is part of this module.
2. If 'app-chat-panel' is a Web Component then add 'CUSTOM_ELEMENTS_SCHEMA' to the '@NgModule.schemas' of this component to suppress this message. [plugin angular-compiler]

    src/app/customer/pages/dashboard/dashboard.component.html:63:2:
      63 │     <app-chat-panel
         ╵     ~~~~~~~~~~~~~~~

  Error occurs in the template of component DashboardComponent.

    src/app/customer/pages/dashboard/dashboard.component.ts:12:15:
      12 │   templateUrl: './dashboard.component.html',
         ╵                ~~~~~~~~~~~~~~~~~~~~~~~~~~~~


X [ERROR] NG8002: Can't bind to 'suggestions' since it isn't a known property of 'app-chat-panel'.
1. If 'app-chat-panel' is an Angular component and it has 'suggestions' input, then verify that it is part of this module.
2. If 'app-chat-panel' is a Web Component then add 'CUSTOM_ELEMENTS_SCHEMA' to the '@NgModule.schemas' of this component to suppress this message.
3. To allow any property add 'NO_ERRORS_SCHEMA' to the '@NgModule.schemas' of this component. [plugin angular-compiler]

    src/app/customer/pages/dashboard/dashboard.component.html:68:3:
      68 │       [suggestions]="['Track my latest order', 'Update delivery wi...
         ╵       ~~~~~~~~~~~~~~~~~~~~~~~~~~~~~~~~~~~~~~~~~~~~~~~~~~~~~~~~~~~~

  Error occurs in the template of component DashboardComponent.

    src/app/customer/pages/dashboard/dashboard.component.ts:12:15:
      12 │   templateUrl: './dashboard.component.html',
         ╵                ~~~~~~~~~~~~~~~~~~~~~~~~~~~~


X [ERROR] NG8001: 'app-chat-panel' is not a known element:
1. If 'app-chat-panel' is an Angular component, then verify that it is part of this module.
2. If 'app-chat-panel' is a Web Component then add 'CUSTOM_ELEMENTS_SCHEMA' to the '@NgModule.schemas' of this component to suppress this message. [plugin angular-compiler]

    src/app/dealer/pages/dashboard/dashboard.component.html:60:1:
      60 │   <app-chat-panel
         ╵   ~~~~~~~~~~~~~~~

  Error occurs in the template of component DashboardComponent.

    src/app/dealer/pages/dashboard/dashboard.component.ts:5:15:
      5 │   templateUrl: './dashboard.component.html',
        ╵                ~~~~~~~~~~~~~~~~~~~~~~~~~~~~


X [ERROR] NG8002: Can't bind to 'suggestions' since it isn't a known property of 'app-chat-panel'.
1. If 'app-chat-panel' is an Angular component and it has 'suggestions' input, then verify that it is part of this module.
2. If 'app-chat-panel' is a Web Component then add 'CUSTOM_ELEMENTS_SCHEMA' to the '@NgModule.schemas' of this component to suppress this message.
3. To allow any property add 'NO_ERRORS_SCHEMA' to the '@NgModule.schemas' of this component. [plugin angular-compiler]

    src/app/dealer/pages/dashboard/dashboard.component.html:65:2:
      65 │     [suggestions]="['Request emergency refill', 'Report pump outag...
         ╵     ~~~~~~~~~~~~~~~~~~~~~~~~~~~~~~~~~~~~~~~~~~~~~~~~~~~~~~~~~~~~~~

  Error occurs in the template of component DashboardComponent.

    src/app/dealer/pages/dashboard/dashboard.component.ts:5:15:
      5 │   templateUrl: './dashboard.component.html',
        ╵                ~~~~~~~~~~~~~~~~~~~~~~~~~~~~


- Changes detected. Rebuilding...

X [ERROR] TS2339: Property 'aiAssistantApiKey' does not exist on type '{ production: boolean; apiBaseUrl: string; lockoutSeconds: number; }'. [plugin angular-compiler]

    src/app/core/services/ai-assistant.service.ts:24:31:
      24 │     const apiKey = environment.aiAssistantApiKey;
         ╵                                ~~~~~~~~~~~~~~~~~


- Changes detected. Rebuilding...

X [ERROR] TS2339: Property 'aiAssistantApiKey' does not exist on type '{ production: boolean; apiBaseUrl: string; lockoutSeconds: number; }'. [plugin angular-compiler]

    src/app/core/services/ai-assistant.service.ts:24:31:
      24 │     const apiKey = environment.aiAssistantApiKey;
         ╵                                ~~~~~~~~~~~~~~~~~


- Changes detected. Rebuilding...

X [ERROR] TS2339: Property 'aiAssistantApiKey' does not exist on type '{ production: boolean; apiBaseUrl: string; lockoutSeconds: number; }'. [plugin angular-compiler]

    src/app/core/services/ai-assistant.service.ts:24:31:
      24 │     const apiKey = environment.aiAssistantApiKey;
         ╵                                ~~~~~~~~~~~~~~~~~


- Changes detected. Rebuilding...

- Changes detected. Rebuilding...

- Changes detected. Rebuilding...

- Changes detected. Rebuilding...

- Changes detected. Rebuilding...

- Changes detected. Rebuilding...

- Changes detected. Rebuilding...

- Changes detected. Rebuilding...

- Changes detected. Rebuilding...

- Changes detected. Rebuilding...

- Changes detected. Rebuilding...

- Changes detected. Rebuilding...

- Changes detected. Rebuilding...

X [ERROR] NG9: Property 'solutionPills' does not exist on type 'LandingComponent'. [plugin angular-compiler]

    src/app/landing/landing.component.html:187:28:
      187 │         *ngFor="let pill of solutionPills; index as idx"
          ╵                             ~~~~~~~~~~~~~

  Error occurs in the template of component LandingComponent.

    src/app/landing/landing.component.ts:58:15:
      58 │   templateUrl: './landing.component.html',
         ╵                ~~~~~~~~~~~~~~~~~~~~~~~~~~


- Changes detected. Rebuilding...

- Changes detected. Rebuilding...

- Changes detected. Rebuilding...

- Changes detected. Rebuilding...

- Changes detected. Rebuilding...

- Changes detected. Rebuilding...

- Changes detected. Rebuilding...

- Changes detected. Rebuilding...

- Changes detected. Rebuilding...

- Changes detected. Rebuilding...

- Changes detected. Rebuilding...

- Changes detected. Rebuilding...

- Changes detected. Rebuilding...

- Changes detected. Rebuilding...

- Changes detected. Rebuilding...

- Changes detected. Rebuilding...

- Changes detected. Rebuilding...

- Changes detected. Rebuilding...

- Changes detected. Rebuilding...

- Changes detected. Rebuilding...

- Changes detected. Rebuilding...

- Changes detected. Rebuilding...

- Changes detected. Rebuilding...

